<?xml version="1.0" encoding="UTF-8"?>
<!-- Generated by org.testng.reporters.JUnitReportReporter -->
<testsuite hostname="manjunathas-MacBook-Pro.local" failures="0" tests="1" name="com.ui_automation.utility.ReadPropertyFile" time="0.005" errors="0" timestamp="2024-07-24T12:41:49 IST" skipped="0">
  <testcase classname="com.ui_automation.utility.ReadPropertyFile" name="ReadFile" time="0.005"/>
  <system-out/>
</testsuite> <!-- com.ui_automation.utility.ReadPropertyFile -->
