<?xml version="1.0" encoding="UTF-8"?>
<!-- Generated by org.testng.reporters.JUnitReportReporter -->
<testsuite hostname="manjunathas-MacBook-Pro.local" failures="0" tests="1" name="com.ui_automation.tests.sample" time="4.806" errors="0" timestamp="2024-07-24T13:23:20 IST" skipped="0">
  <testcase classname="com.ui_automation.tests.sample" name="getProp" time="4.806"/>
  <system-out/>
</testsuite> <!-- com.ui_automation.tests.sample -->
