<?xml version="1.0" encoding="UTF-8"?>
<!-- Generated by org.testng.reporters.JUnitReportReporter -->
<testsuite hostname="manjunathas-MacBook-Pro.local" failures="0" tests="1" name="com.ui_automation.base.BaseClass" time="10.429" errors="0" timestamp="2024-07-24T13:39:02 IST" skipped="0">
  <testcase classname="com.ui_automation.base.BaseClass" name="LaunchBrowser" time="10.429"/>
  <system-out/>
</testsuite> <!-- com.ui_automation.base.BaseClass -->
