<?xml version="1.0" encoding="UTF-8"?>
<!-- Generated by org.testng.reporters.JUnitReportReporter -->
<testsuite hostname="manjunathas-MacBook-Pro.local" failures="0" tests="1" name="com.ui_automation.tests.SIgnUp_To_Get_userCredentials" time="3.649" errors="0" timestamp="2024-07-24T21:26:54 IST" skipped="0">
  <testcase classname="com.ui_automation.tests.SIgnUp_To_Get_userCredentials" name="signUp" time="3.649"/>
  <system-out/>
</testsuite> <!-- com.ui_automation.tests.SIgnUp_To_Get_userCredentials -->
